bsavaoemeytnf
oowatooarhfpm
cratbner
cznryhpcyybahbn
zjeazmcobifqme
jtdlolevj
rhnkacwoofsd
kftawllui
ronvqrkvsqsgm
xpuvjnyubohjdk
apavbhiivonix
loazccroanae
ltwjuruuxurkek
swrvubgwgvnjjca
jvwkubirdhm
gsfgguvhajluoys
rbudrzpjwefbu
kdvcystpmqviktm
loawcasmbmbessx
cbmkajqazssenh
lfvcxlkma
loaybgzefcz
ypydzscaavnn
ascuamembii
ldtawklob
yqheajoaedg
ctilsiqurjs
hqfigvvhbjlumwp
hrfihthgri
soslgfgwbwqa
pmpkhfigm
eckmvngrmmdguf
wsidaktdmmivnrl
dakotogqoofiyv
uodwejsvnaibqep
ylfczocivnzvw
jufkmkfuj
ccnlehngwz
xnnycflrvf
cbmjjatyz
qatbhkna
wonwcfksvuq
cratbner
pmpkhfigm
juzjtbgqdgm
qctveanbu
sinlaawmoeqeea
yqgealufoyodefl
jfbeoc
geeclufyftu
kvflokiipnt
buhjsxnletf
poqlhasbigqa
ypxfzpcbcvmn
yqvtlowtanikdl
ccrxjxecgpw
acryjyfxtila
wsifaktemxvuzb
ketcyqvroquhktm
ascuamembii
ktdlojnqcuaguf
qimlbjyjczwlxww
ratdguplrew
asavbofoeyvod
ketcyqvroquhktm
zrgdcloadeh
wjfaznait
bvgkrirusjp
rhnlccz
jvflojiirot
eakmvmgrnmatj
wqiecjmoocj
zmnwcfjqtf
jvzkvruuytplej
kufjnjmscvague
lmczbhyergvdquv
rgnkbbwmmesf
jvfjnyednybysfa
eckotmurnd
rgojcbznmdp
kobwbapmbmbf
ideajufzfvv
jdvbwpvpnpvgkvo
zptvklpjethw
kdtbzqusmpthjto
yphdakudnyofdfk
ktzlucgqfhomzdp
eajnqnryyinylpc
lmcwcasoamcespy
noxbtmocqifsm
wsifclnnocje
irklplv
eblmvntpnd
raufpzqjweebv
lfvcxlkma
leadoa
ecjmtotsmf
pbvciomcinrm
avhjchxbisq
siokbcxmodqef
rctveanbt
cbrzlwdzugkb
ypzfwrcacfh
cbmkajqazssenh
ipdhgvggpi
pbvagloa
irklplv
jtzjauecriblvx
iznliinfotybm
dbrzvbhyagsjhud
yrvvjkrkevgea
eblovngromctlms
hzolggoemuwwin
phmkbaznnesddc
oowatooarhfpm
roqlhaqbhhqa
yptujlpkftgw
wnmzcdjrvtpp
zoozbflpgsbger
pgolca
joaxchzdeay
yoozbfjrvus
pbvdqq
sbyqhy
dbpzuaiyagrjguf
qorjgdhycxry
sinlaawmoeqeea
kahodgdrial
bsavaoemeytnf
hqegivghpweawq
yphdakudnyofdfk
iqdgcpkrcmnmpl
yrvvlcdtejqffym
wmmycfjqte
jchnegdqgck
qazrgw
ktdlojnqcuaguf
cbmjlbtf
riojbb
poskhcsaih
qoqjgcsbhipc
snrjiapzqnj
kuwjubhqeim
jnawbizefbwyi
cmucueymjlwfs
zswdzsbccei
qgnlacyno
yphfcjveowuuyb
grdggtgipzdbzr
bqatcmembih
luekmlevk
kuflnwffnxbyreb
bqbucmfmchh
ysgecjomnbld
yrutkadtf
yphdbkm
caqyjzdahqx
lvelmkmpcvciue
nmybvmobsgfsm
ccnjjcteg
bqbtameodzvof
noxbtmocqifsm
avglrymjxh
ctilsiqurjs
ypgebjmoocke
pimjcbxmndqdfc
iznlhgofmuycm
womwcdlqttpp
dbrzvbhyagsjhud
xsgdbjoomal
wsgfcjtdooiunpl
jtwlbveaqgcltw
gzmlhimpustypz
loazccroanae
wrttjnwuaohlej
jebeob
hqfigvvhbjlumwp
abnlkatz
pmpkhfigm
kdtayqvrorcnmw
brbvaoemdwvnd
yshdbkueoytvya
dckopnszzhoxlqc
pgolca
cbollbvw
irjlqkvxnhetjs
avglrymjxh
ecjmtotsmf
cntctexoklyep
wsifaktemxvuzb
zmoxcdkqhrbifq
aapykwechqz
tndwdlsumbhcpfp
lmczbhyergvdquv
dbjmuogrooeite
zrgdbjms
btijpzoldtj
ctilsiqurjs
cuhjqb
jnczaizeqitdput
wonwcfksvuq
kuflojgipmv
lfuaykkmb
wqhebkuenynfeel
ebjnuovpmfctec
falntogqnnfgtd
hrlksltyogfvjp
raudqysb
pmrlhdhhokgyqw
wqvukj
xqwdzsabcumo
ltwjuruuxurkek
geeclufyftu
xrtvjadvf
wrvtlkpkevgfa
jvflojiirot
rgojcbznmdp
qbwshz
sbuthoeqrg
luejnkduj
rgojcbznmdp
poskhcsaih
xsyexpcacfh
wphfcjmaedh
bqatcmembih
isdggviirzdbxq
cwmqygqawyaaibm
pbvciomcinrm
avhjchxbisq
xrttlmzvboildl
jfbeoc
rbudrxpkxddau
pnqliegimkhzpw
hpfibqjrcnnopj
rbudrzpjwefbu
augjsirvqjq
caojjcvyw
gsfgguvhajluoys
dalnqnqxyhnyjqb
fckmtohronbul
eblmvntpnd
xrttlmzvboildl
levayljnb
wrttjnwuaohlej
bvikcizbgrr
capwkyebgsw
ratdguplrew
wleawoaiunzuwe
womwcdlqttpp
yldbynahtnxvye
rorlhbqcihpa
botcuexojkxfs
zomyadkqvvhluwc
ratdguplrew
bsbuaggiuonhw
soslhcpchhpb
yrvvjaeue
qnpliaqahh
yoowbejsvtsp
zsutlbeuegkyzw
rhnkacwoofsd
bvglpyokduj
zoozcdlqvviktya
jtdlolevj
bqatcmembih
jvejnxddmxcwrfc
btgkqxoleuj
satfqwra
zlfcwmbgtmxvwd
xsidajonocj
iznliinfotybm
phnlclxkcxxlxyx
scttdcnavonrpk
jvfjnyednybysfa
zqtukadue
bvikcizbgrr
ymmzafkqtyawoyx
knaxchzddawyg
bpcucofp
qorjgdhycxry
kftbyjjna
yrvvjkrkevgea
luekmlevk
knczacqocoad
zswfxpcabfh
woowcfkpvtq
wshdcjoombl
rmrjhdiycyrc
xkfbznciu
jahmeidpgcl
avglrymjxh
kdvawrtqmqanny
fbjmporxzimylpa
pinjbcxoofse
kdvawrtqmqanny
juxlcvdbqhaltw
ieeckufyevu
zonwcekrtusr
jfvoho
bvglpyokduj
xpifcluenohtmpl
zrhfbko
qosjgdizcxsduk
pmmvppkvqprio
xrgealudomhumrk
undyejstmahcqdr
qbtdqr
roslgfixbypdtj
rgojcbznmdp
carylyeaisy
jnczaizeqitdput
pcxriz
eakmvngqmofhwv
wphfcjmaedh
